<?xml version="1.0" encoding="UTF-8"?>
<!-- Generated by org.testng.reporters.JUnitXMLReporter -->
<testsuite ignored="0" hostname="DESKTOP-H14CG62" failures="0" tests="8" name="Test" time="100.971" errors="0" timestamp="2020-11-19T07:09:26 EST">
  <testcase classname="com.eq.qa.testcases.ContactUsPageTest" name="contactUsPagedisplayTest" time="0.044"/>
  <testcase classname="com.eq.qa.testcases.ContactUsPageTest" name="validsubmitQueryTest" time="4.503"/>
  <testcase classname="com.eq.qa.testcases.ContactUsPageTest" name="emptyFnameTest" time="3.584"/>
  <testcase classname="com.eq.qa.testcases.ContactUsPageTest" name="emptyLnameTest" time="3.534"/>
  <testcase classname="com.eq.qa.testcases.ContactUsPageTest" name="emptyEmail" time="3.526"/>
  <testcase classname="com.eq.qa.testcases.ContactUsPageTest" name="emptyProvince" time="3.533"/>
  <testcase classname="com.eq.qa.testcases.ContactUsPageTest" name="emptyCity" time="3.553"/>
  <testcase classname="com.eq.qa.testcases.ContactUsPageTest" name="emptyQuery" time="3.544"/>
</testsuite> <!-- Test -->
