<?xml version="1.0" encoding="UTF-8"?>
<testng-results ignored="0" total="8" passed="8" failed="0" skipped="0">
  <reporter-output>
  </reporter-output>
  <suite started-at="2020-11-19T07:07:45 EST" name="Suite" finished-at="2020-11-19T07:09:26 EST" duration-ms="100971">
    <groups>
    </groups>
    <test started-at="2020-11-19T07:07:45 EST" name="Test" finished-at="2020-11-19T07:09:26 EST" duration-ms="100971">
      <class name="com.eq.qa.testcases.ContactUsPageTest">
        <test-method is-config="true" signature="setUp()[pri:0, instance:com.eq.qa.testcases.ContactUsPageTest@157853da]" started-at="2020-11-19T07:07:45 EST" name="setUp" finished-at="2020-11-19T07:07:54 EST" duration-ms="8782" status="PASS">
          <reporter-output>
          </reporter-output>
        </test-method> <!-- setUp -->
        <test-method signature="contactUsPagedisplayTest()[pri:1, instance:com.eq.qa.testcases.ContactUsPageTest@157853da]" started-at="2020-11-19T07:07:54 EST" name="contactUsPagedisplayTest" finished-at="2020-11-19T07:07:54 EST" duration-ms="44" status="PASS">
          <reporter-output>
          </reporter-output>
        </test-method> <!-- contactUsPagedisplayTest -->
        <test-method is-config="true" signature="tearDown()[pri:0, instance:com.eq.qa.testcases.ContactUsPageTest@157853da]" started-at="2020-11-19T07:07:54 EST" name="tearDown" finished-at="2020-11-19T07:07:54 EST" duration-ms="626" status="PASS">
          <reporter-output>
          </reporter-output>
        </test-method> <!-- tearDown -->
        <test-method is-config="true" signature="setUp()[pri:0, instance:com.eq.qa.testcases.ContactUsPageTest@157853da]" started-at="2020-11-19T07:07:54 EST" name="setUp" finished-at="2020-11-19T07:08:03 EST" duration-ms="8498" status="PASS">
          <reporter-output>
          </reporter-output>
        </test-method> <!-- setUp -->
        <test-method signature="validsubmitQueryTest()[pri:2, instance:com.eq.qa.testcases.ContactUsPageTest@157853da]" started-at="2020-11-19T07:08:03 EST" name="validsubmitQueryTest" finished-at="2020-11-19T07:08:07 EST" duration-ms="4503" status="PASS">
          <reporter-output>
          </reporter-output>
        </test-method> <!-- validsubmitQueryTest -->
        <test-method is-config="true" signature="tearDown()[pri:0, instance:com.eq.qa.testcases.ContactUsPageTest@157853da]" started-at="2020-11-19T07:08:07 EST" name="tearDown" finished-at="2020-11-19T07:08:08 EST" duration-ms="647" status="PASS">
          <reporter-output>
          </reporter-output>
        </test-method> <!-- tearDown -->
        <test-method is-config="true" signature="setUp()[pri:0, instance:com.eq.qa.testcases.ContactUsPageTest@157853da]" started-at="2020-11-19T07:08:08 EST" name="setUp" finished-at="2020-11-19T07:08:19 EST" duration-ms="10475" status="PASS">
          <reporter-output>
          </reporter-output>
        </test-method> <!-- setUp -->
        <test-method signature="emptyFnameTest()[pri:3, instance:com.eq.qa.testcases.ContactUsPageTest@157853da]" started-at="2020-11-19T07:08:19 EST" name="emptyFnameTest" finished-at="2020-11-19T07:08:22 EST" duration-ms="3584" status="PASS">
          <reporter-output>
          </reporter-output>
        </test-method> <!-- emptyFnameTest -->
        <test-method is-config="true" signature="tearDown()[pri:0, instance:com.eq.qa.testcases.ContactUsPageTest@157853da]" started-at="2020-11-19T07:08:22 EST" name="tearDown" finished-at="2020-11-19T07:08:23 EST" duration-ms="630" status="PASS">
          <reporter-output>
          </reporter-output>
        </test-method> <!-- tearDown -->
        <test-method is-config="true" signature="setUp()[pri:0, instance:com.eq.qa.testcases.ContactUsPageTest@157853da]" started-at="2020-11-19T07:08:23 EST" name="setUp" finished-at="2020-11-19T07:08:31 EST" duration-ms="8771" status="PASS">
          <reporter-output>
          </reporter-output>
        </test-method> <!-- setUp -->
        <test-method signature="emptyLnameTest()[pri:4, instance:com.eq.qa.testcases.ContactUsPageTest@157853da]" started-at="2020-11-19T07:08:31 EST" name="emptyLnameTest" finished-at="2020-11-19T07:08:35 EST" duration-ms="3534" status="PASS">
          <reporter-output>
          </reporter-output>
        </test-method> <!-- emptyLnameTest -->
        <test-method is-config="true" signature="tearDown()[pri:0, instance:com.eq.qa.testcases.ContactUsPageTest@157853da]" started-at="2020-11-19T07:08:35 EST" name="tearDown" finished-at="2020-11-19T07:08:36 EST" duration-ms="649" status="PASS">
          <reporter-output>
          </reporter-output>
        </test-method> <!-- tearDown -->
        <test-method is-config="true" signature="setUp()[pri:0, instance:com.eq.qa.testcases.ContactUsPageTest@157853da]" started-at="2020-11-19T07:08:36 EST" name="setUp" finished-at="2020-11-19T07:08:44 EST" duration-ms="8200" status="PASS">
          <reporter-output>
          </reporter-output>
        </test-method> <!-- setUp -->
        <test-method signature="emptyEmail()[pri:5, instance:com.eq.qa.testcases.ContactUsPageTest@157853da]" started-at="2020-11-19T07:08:44 EST" name="emptyEmail" finished-at="2020-11-19T07:08:47 EST" duration-ms="3526" status="PASS">
          <reporter-output>
          </reporter-output>
        </test-method> <!-- emptyEmail -->
        <test-method is-config="true" signature="tearDown()[pri:0, instance:com.eq.qa.testcases.ContactUsPageTest@157853da]" started-at="2020-11-19T07:08:47 EST" name="tearDown" finished-at="2020-11-19T07:08:48 EST" duration-ms="639" status="PASS">
          <reporter-output>
          </reporter-output>
        </test-method> <!-- tearDown -->
        <test-method is-config="true" signature="setUp()[pri:0, instance:com.eq.qa.testcases.ContactUsPageTest@157853da]" started-at="2020-11-19T07:08:48 EST" name="setUp" finished-at="2020-11-19T07:08:56 EST" duration-ms="8244" status="PASS">
          <reporter-output>
          </reporter-output>
        </test-method> <!-- setUp -->
        <test-method signature="emptyProvince()[pri:6, instance:com.eq.qa.testcases.ContactUsPageTest@157853da]" started-at="2020-11-19T07:08:56 EST" name="emptyProvince" finished-at="2020-11-19T07:09:00 EST" duration-ms="3533" status="PASS">
          <reporter-output>
          </reporter-output>
        </test-method> <!-- emptyProvince -->
        <test-method is-config="true" signature="tearDown()[pri:0, instance:com.eq.qa.testcases.ContactUsPageTest@157853da]" started-at="2020-11-19T07:09:00 EST" name="tearDown" finished-at="2020-11-19T07:09:00 EST" duration-ms="614" status="PASS">
          <reporter-output>
          </reporter-output>
        </test-method> <!-- tearDown -->
        <test-method is-config="true" signature="setUp()[pri:0, instance:com.eq.qa.testcases.ContactUsPageTest@157853da]" started-at="2020-11-19T07:09:00 EST" name="setUp" finished-at="2020-11-19T07:09:09 EST" duration-ms="8069" status="PASS">
          <reporter-output>
          </reporter-output>
        </test-method> <!-- setUp -->
        <test-method signature="emptyCity()[pri:7, instance:com.eq.qa.testcases.ContactUsPageTest@157853da]" started-at="2020-11-19T07:09:09 EST" name="emptyCity" finished-at="2020-11-19T07:09:12 EST" duration-ms="3553" status="PASS">
          <reporter-output>
          </reporter-output>
        </test-method> <!-- emptyCity -->
        <test-method is-config="true" signature="tearDown()[pri:0, instance:com.eq.qa.testcases.ContactUsPageTest@157853da]" started-at="2020-11-19T07:09:12 EST" name="tearDown" finished-at="2020-11-19T07:09:13 EST" duration-ms="648" status="PASS">
          <reporter-output>
          </reporter-output>
        </test-method> <!-- tearDown -->
        <test-method is-config="true" signature="setUp()[pri:0, instance:com.eq.qa.testcases.ContactUsPageTest@157853da]" started-at="2020-11-19T07:09:13 EST" name="setUp" finished-at="2020-11-19T07:09:21 EST" duration-ms="8523" status="PASS">
          <reporter-output>
          </reporter-output>
        </test-method> <!-- setUp -->
        <test-method signature="emptyQuery()[pri:8, instance:com.eq.qa.testcases.ContactUsPageTest@157853da]" started-at="2020-11-19T07:09:21 EST" name="emptyQuery" finished-at="2020-11-19T07:09:25 EST" duration-ms="3544" status="PASS">
          <reporter-output>
          </reporter-output>
        </test-method> <!-- emptyQuery -->
        <test-method is-config="true" signature="tearDown()[pri:0, instance:com.eq.qa.testcases.ContactUsPageTest@157853da]" started-at="2020-11-19T07:09:25 EST" name="tearDown" finished-at="2020-11-19T07:09:26 EST" duration-ms="1095" status="PASS">
          <reporter-output>
          </reporter-output>
        </test-method> <!-- tearDown -->
      </class> <!-- com.eq.qa.testcases.ContactUsPageTest -->
    </test> <!-- Test -->
  </suite> <!-- Suite -->
</testng-results>
